<?xml version="1.0" encoding="UTF-8"?>
<!-- Generated by org.testng.reporters.JUnitReportReporter -->
<testsuite hostname="ATMECSINLT-601" failures="0" tests="1" name="TestNG.NewTest" time="0.002" errors="0" timestamp="2020-06-29T19:42:20 IST" skipped="0">
  <testcase classname="TestNG.NewTest" name="f" time="0.002"/>
  <system-out/>
</testsuite> <!-- TestNG.NewTest -->
