<?xml version="1.0" encoding="UTF-8"?>
<!-- Generated by org.testng.reporters.JUnitReportReporter -->
<testsuite hostname="ATMECSINLT-601" failures="0" tests="1" name="selenium.seleni" time="40.059" errors="0" timestamp="2020-06-22T14:37:04 IST" skipped="0">
  <testcase classname="selenium.seleni" name="beforeMethod" time="40.059"/>
  <system-out/>
</testsuite> <!-- selenium.seleni -->
