<?xml version="1.0" encoding="UTF-8"?>
<!-- Generated by org.testng.reporters.JUnitReportReporter -->
<testsuite hostname="ATMECSINLT-601" failures="0" tests="1" name="Maven.Maven_eg" time="13.799" errors="0" timestamp="2020-07-20T13:01:55 IST" skipped="0">
  <testcase classname="Maven.Maven_eg" name="run" time="13.799"/>
  <system-out/>
</testsuite> <!-- Maven.Maven_eg -->
