<?xml version="1.0" encoding="UTF-8"?>
<!-- Generated by org.testng.reporters.JUnitReportReporter -->
<testsuite hostname="ATMECSINLT-601" failures="0" tests="1" name="Maven.sample" time="29.672" errors="0" timestamp="2020-07-17T18:26:28 IST" skipped="0">
  <testcase classname="Maven.sample" name="beforeMethod" time="29.672"/>
  <system-out/>
</testsuite> <!-- Maven.sample -->
